<?xml version="1.0" encoding="UTF-8"?>
<!-- Generated by org.testng.reporters.JUnitReportReporter -->
<testsuite skipped="0" hostname="wandi" name="Tutorial.R_Checkout" tests="1" failures="0" timestamp="2020-07-01T17:00:04 WIB" time="712.628" errors="0">
  <testcase name="CheckoutSKU" time="712.628" classname="Tutorial.R_Checkout"/>
  <system-out/>
</testsuite> <!-- Tutorial.R_Checkout -->
