<?xml version="1.0" encoding="UTF-8"?>
<!-- Generated by org.testng.reporters.JUnitReportReporter -->
<testsuite skipped="0" hostname="wandi" name="test_file.R_Login" tests="2" failures="0" timestamp="2020-07-01T18:46:10 WIB" time="563.928" errors="0">
  <testcase name="InvalidEmail" time="226.963" classname="test_file.R_Login"/>
  <system-out/>
  <testcase name="ValidEmail" time="336.965" classname="test_file.R_Login"/>
  <system-out/>
</testsuite> <!-- test_file.R_Login -->
