<?xml version="1.0" encoding="UTF-8"?>
<!-- Generated by org.testng.reporters.JUnitReportReporter -->
<testsuite skipped="0" hostname="wandi" name="Tutorial.R_Login" tests="2" failures="0" timestamp="2020-07-01T13:56:18 WIB" time="682.658" errors="0">
  <testcase name="InvalidEmail" time="229.213" classname="Tutorial.R_Login"/>
  <system-out/>
  <testcase name="ValidEmail" time="453.445" classname="Tutorial.R_Login"/>
  <system-out/>
</testsuite> <!-- Tutorial.R_Login -->
